<?xml version="1.0" encoding="utf-8"?>
<TestRun id="117c1b43-69d6-4bed-833c-af5561eddeef" name="@samman 2026-04-22 12:27:00" xmlns="http://microsoft.com/schemas/VisualStudio/TeamTest/2010">
  <Times creation="2026-04-22T12:27:00.3052715+03:00" queuing="2026-04-22T12:27:00.3052716+03:00" start="2026-04-22T12:26:59.9044131+03:00" finish="2026-04-22T12:27:00.3421847+03:00" />
  <TestSettings name="default" id="d2ba78f6-2261-4e94-bfec-a775380b7e35">
    <Deployment runDeploymentRoot="_samman_2026-04-22_12_27_00" />
  </TestSettings>
  <Results>
    <UnitTestResult executionId="5ef00453-10a4-4192-9a49-a7f82a918d9c" testId="1e6b94ea-d51e-ed9d-3301-a0292253f798" testName="SaudiPlate.Tests.NormalizationTests.NormalizePlate_MatchesExpectedBehavior(input: &quot;إ ب ح ١٢٣٤&quot;, strictness: Standard, expectSuccess: True, expectCanonical: &quot;ABJ-1234&quot;, expectDisplayEn: null, expectDisplayAr: &quot;١٢٣٤ ا ب ح&quot;, expectWarningCodes: [], expectErrorCodes: null, compareTo: null, expectEquals: null)" computerName="samman" duration="00:00:00.0000086" startTime="2026-04-22T12:27:00.2768812+03:00" endTime="2026-04-22T12:27:00.2768812+03:00" testType="13cdc9d9-ddb5-4fa4-a97d-d965ccfc6d4b" outcome="Passed" testListId="8c84fa94-04c1-424b-9868-57a2d4851a1d" relativeResultsDirectory="5ef00453-10a4-4192-9a49-a7f82a918d9c" />
    <UnitTestResult executionId="3c15cbf8-c380-44bf-a972-c52b77f1e0d7" testId="aca3283e-e63d-cc10-35d5-733e86c1c465" testName="SaudiPlate.Tests.NormalizationTests.NormalizePlate_MatchesExpectedBehavior(input: &quot;آ ب ح ١٢٣٤&quot;, strictness: Strict, expectSuccess: False, expectCanonical: null, expectDisplayEn: null, expectDisplayAr: null, expectWarningCodes: null, expectErrorCodes: [&quot;UNSUPPORTED_CHARACTERS&quot;], compareTo: null, expectEquals: null)" computerName="samman" duration="00:00:00.0000070" startTime="2026-04-22T12:27:00.2772703+03:00" endTime="2026-04-22T12:27:00.2772703+03:00" testType="13cdc9d9-ddb5-4fa4-a97d-d965ccfc6d4b" outcome="Passed" testListId="8c84fa94-04c1-424b-9868-57a2d4851a1d" relativeResultsDirectory="3c15cbf8-c380-44bf-a972-c52b77f1e0d7" />
    <UnitTestResult executionId="c17a3830-88df-4557-ad45-4377a4d7ccf9" testId="35f46217-eba6-0d51-b944-d6b396d841d1" testName="SaudiPlate.Tests.NormalizationTests.NormalizePlate_MatchesExpectedBehavior(input: &quot;آ ب ح ١٢٣٤&quot;, strictness: Standard, expectSuccess: True, expectCanonical: &quot;ABJ-1234&quot;, expectDisplayEn: null, expectDisplayAr: &quot;١٢٣٤ ا ب ح&quot;, expectWarningCodes: [], expectErrorCodes: null, compareTo: null, expectEquals: null)" computerName="samman" duration="00:00:00.0178270" startTime="2026-04-22T12:27:00.2571113+03:00" endTime="2026-04-22T12:27:00.2571324+03:00" testType="13cdc9d9-ddb5-4fa4-a97d-d965ccfc6d4b" outcome="Passed" testListId="8c84fa94-04c1-424b-9868-57a2d4851a1d" relativeResultsDirectory="c17a3830-88df-4557-ad45-4377a4d7ccf9" />
    <UnitTestResult executionId="be3526c7-9f62-4648-949d-4c2213b3b720" testId="e79e9d9c-1741-922f-bdfe-25a7becaa731" testName="SaudiPlate.Tests.NormalizationTests.NormalizePlate_MatchesExpectedBehavior(input: &quot;ABJ1234&quot;, strictness: Standard, expectSuccess: True, expectCanonical: &quot;ABJ-1234&quot;, expectDisplayEn: &quot;ABJ 1234&quot;, expectDisplayAr: &quot;١٢٣٤ ا ب ح&quot;, expectWarningCodes: [], expectErrorCodes: null, compareTo: null, expectEquals: null)" computerName="samman" duration="00:00:00.0000112" startTime="2026-04-22T12:27:00.2760387+03:00" endTime="2026-04-22T12:27:00.2760388+03:00" testType="13cdc9d9-ddb5-4fa4-a97d-d965ccfc6d4b" outcome="Passed" testListId="8c84fa94-04c1-424b-9868-57a2d4851a1d" relativeResultsDirectory="be3526c7-9f62-4648-949d-4c2213b3b720" />
    <UnitTestResult executionId="6f4d9cd2-f19c-470a-b2bb-a9c3d6fe995b" testId="6d65a620-fa70-ce1a-d6af-5af1c00c41f5" testName="SaudiPlate.Tests.NormalizationTests.NormalizePlate_MatchesExpectedBehavior(input: &quot;ا ب ح ١٢٣٤&quot;, strictness: Standard, expectSuccess: True, expectCanonical: &quot;ABJ-1234&quot;, expectDisplayEn: &quot;ABJ 1234&quot;, expectDisplayAr: &quot;١٢٣٤ ا ب ح&quot;, expectWarningCodes: [], expectErrorCodes: null, compareTo: null, expectEquals: null)" computerName="samman" duration="00:00:00.0000089" startTime="2026-04-22T12:27:00.2768961+03:00" endTime="2026-04-22T12:27:00.2768961+03:00" testType="13cdc9d9-ddb5-4fa4-a97d-d965ccfc6d4b" outcome="Passed" testListId="8c84fa94-04c1-424b-9868-57a2d4851a1d" relativeResultsDirectory="6f4d9cd2-f19c-470a-b2bb-a9c3d6fe995b" />
    <UnitTestResult executionId="5d651d93-d982-4b6f-9a92-982b3ae4ab1a" testId="50c6b91c-6291-24f9-1d45-da934610f6eb" testName="SaudiPlate.Tests.NormalizationTests.NormalizePlate_MatchesExpectedBehavior(input: &quot;ABC 1234&quot;, strictness: Strict, expectSuccess: False, expectCanonical: null, expectDisplayEn: null, expectDisplayAr: null, expectWarningCodes: null, expectErrorCodes: [&quot;UNSUPPORTED_CHARACTERS&quot;], compareTo: null, expectEquals: null)" computerName="samman" duration="00:00:00.0000061" startTime="2026-04-22T12:27:00.2604207+03:00" endTime="2026-04-22T12:27:00.2604207+03:00" testType="13cdc9d9-ddb5-4fa4-a97d-d965ccfc6d4b" outcome="Passed" testListId="8c84fa94-04c1-424b-9868-57a2d4851a1d" relativeResultsDirectory="5d651d93-d982-4b6f-9a92-982b3ae4ab1a" />
    <UnitTestResult executionId="16a3231f-d448-43f6-b2b7-d31848948bd5" testId="18b4aba4-86d5-3e35-601a-1b7bf4701870" testName="SaudiPlate.Tests.NormalizationTests.NormalizePlate_MatchesExpectedBehavior(input: &quot;ا ب ة ١٢٣٤&quot;, strictness: Strict, expectSuccess: False, expectCanonical: null, expectDisplayEn: null, expectDisplayAr: null, expectWarningCodes: null, expectErrorCodes: [&quot;UNSUPPORTED_CHARACTERS&quot;], compareTo: null, expectEquals: null)" computerName="samman" duration="00:00:00.0000072" startTime="2026-04-22T12:27:00.2768387+03:00" endTime="2026-04-22T12:27:00.2768388+03:00" testType="13cdc9d9-ddb5-4fa4-a97d-d965ccfc6d4b" outcome="Passed" testListId="8c84fa94-04c1-424b-9868-57a2d4851a1d" relativeResultsDirectory="16a3231f-d448-43f6-b2b7-d31848948bd5" />
    <UnitTestResult executionId="de2ca637-f03a-4278-ac61-ff361f8177a6" testId="02c90733-66ce-8aa8-d04c-e9a895dd9036" testName="SaudiPlate.Tests.NormalizationTests.NormalizePlate_MatchesExpectedBehavior(input: &quot;ABJ 12345&quot;, strictness: Standard, expectSuccess: False, expectCanonical: null, expectDisplayEn: null, expectDisplayAr: null, expectWarningCodes: null, expectErrorCodes: [&quot;INVALID_DIGIT_COUNT&quot;], compareTo: null, expectEquals: null)" computerName="samman" duration="00:00:00.0000138" startTime="2026-04-22T12:27:00.2760743+03:00" endTime="2026-04-22T12:27:00.2760744+03:00" testType="13cdc9d9-ddb5-4fa4-a97d-d965ccfc6d4b" outcome="Passed" testListId="8c84fa94-04c1-424b-9868-57a2d4851a1d" relativeResultsDirectory="de2ca637-f03a-4278-ac61-ff361f8177a6" />
    <UnitTestResult executionId="084985bf-8a36-450d-8572-5f2199bc5023" testId="1034c994-5214-800c-569c-17dce4a54e15" testName="SaudiPlate.Tests.NormalizationTests.NormalizePlate_MatchesExpectedBehavior(input: &quot;ا ب ة ١٢٣٤&quot;, strictness: Standard, expectSuccess: True, expectCanonical: &quot;ABH-1234&quot;, expectDisplayEn: null, expectDisplayAr: &quot;١٢٣٤ ا ب ه&quot;, expectWarningCodes: [], expectErrorCodes: null, compareTo: null, expectEquals: null)" computerName="samman" duration="00:00:00.0000106" startTime="2026-04-22T12:27:00.2806048+03:00" endTime="2026-04-22T12:27:00.2806049+03:00" testType="13cdc9d9-ddb5-4fa4-a97d-d965ccfc6d4b" outcome="Passed" testListId="8c84fa94-04c1-424b-9868-57a2d4851a1d" relativeResultsDirectory="084985bf-8a36-450d-8572-5f2199bc5023" />
    <UnitTestResult executionId="11f6074b-b9ff-44ae-a0a9-4bce740028b1" testId="916e30a8-3bc9-67b1-c85d-679fb2c33fac" testName="SaudiPlate.Tests.NormalizationTests.NormalizePlate_MatchesExpectedBehavior(input: &quot;ا ب ئ ١٢٣٤&quot;, strictness: Strict, expectSuccess: False, expectCanonical: null, expectDisplayEn: null, expectDisplayAr: null, expectWarningCodes: null, expectErrorCodes: [&quot;UNSUPPORTED_CHARACTERS&quot;], compareTo: null, expectEquals: null)" computerName="samman" duration="00:00:00.0003665" startTime="2026-04-22T12:27:00.2603103+03:00" endTime="2026-04-22T12:27:00.2603103+03:00" testType="13cdc9d9-ddb5-4fa4-a97d-d965ccfc6d4b" outcome="Passed" testListId="8c84fa94-04c1-424b-9868-57a2d4851a1d" relativeResultsDirectory="11f6074b-b9ff-44ae-a0a9-4bce740028b1" />
    <UnitTestResult executionId="46d970bd-02ed-428c-88e3-d67f9e032dc8" testId="6958f2af-81db-baf1-b557-f29cbce9af72" testName="SaudiPlate.Tests.NormalizationTests.NormalizePlate_MatchesExpectedBehavior(input: &quot;ABC 1234&quot;, strictness: Standard, expectSuccess: False, expectCanonical: null, expectDisplayEn: null, expectDisplayAr: null, expectWarningCodes: null, expectErrorCodes: [&quot;UNSUPPORTED_CHARACTERS&quot;], compareTo: null, expectEquals: null)" computerName="samman" duration="00:00:00.0000136" startTime="2026-04-22T12:27:00.2603875+03:00" endTime="2026-04-22T12:27:00.2603875+03:00" testType="13cdc9d9-ddb5-4fa4-a97d-d965ccfc6d4b" outcome="Passed" testListId="8c84fa94-04c1-424b-9868-57a2d4851a1d" relativeResultsDirectory="46d970bd-02ed-428c-88e3-d67f9e032dc8" />
    <UnitTestResult executionId="efdc5220-6f00-40bd-9d74-81ea119a652c" testId="437e99d7-84af-4132-27e3-3afb3571d4b7" testName="SaudiPlate.Tests.NormalizationTests.NormalizePlate_MatchesExpectedBehavior(input: &quot;AبJ1234&quot;, strictness: Strict, expectSuccess: False, expectCanonical: null, expectDisplayEn: null, expectDisplayAr: null, expectWarningCodes: null, expectErrorCodes: [&quot;MIXED_SCRIPTS_NOT_ALLOWED&quot;], compareTo: null, expectEquals: null)" computerName="samman" duration="00:00:00.0000056" startTime="2026-04-22T12:27:00.2769509+03:00" endTime="2026-04-22T12:27:00.2769509+03:00" testType="13cdc9d9-ddb5-4fa4-a97d-d965ccfc6d4b" outcome="Passed" testListId="8c84fa94-04c1-424b-9868-57a2d4851a1d" relativeResultsDirectory="efdc5220-6f00-40bd-9d74-81ea119a652c" />
    <UnitTestResult executionId="f6abbea2-6895-4855-88b9-3b215f82ac4d" testId="1f092db4-48f0-6021-cb29-28314d06949b" testName="SaudiPlate.Tests.NormalizationTests.NormalizePlate_MatchesExpectedBehavior(input: &quot;إ ب ح ١٢٣٤&quot;, strictness: Strict, expectSuccess: False, expectCanonical: null, expectDisplayEn: null, expectDisplayAr: null, expectWarningCodes: null, expectErrorCodes: [&quot;UNSUPPORTED_CHARACTERS&quot;], compareTo: null, expectEquals: null)" computerName="samman" duration="00:00:00.0000075" startTime="2026-04-22T12:27:00.2769680+03:00" endTime="2026-04-22T12:27:00.2769680+03:00" testType="13cdc9d9-ddb5-4fa4-a97d-d965ccfc6d4b" outcome="Passed" testListId="8c84fa94-04c1-424b-9868-57a2d4851a1d" relativeResultsDirectory="f6abbea2-6895-4855-88b9-3b215f82ac4d" />
    <UnitTestResult executionId="44036f26-5713-442f-bc3b-b96c3acfda32" testId="54c0138d-5a9e-68fd-8cd8-b3b85342b3a5" testName="SaudiPlate.Tests.NormalizationTests.NormalizePlate_MatchesExpectedBehavior(input: &quot;1234 ABJ&quot;, strictness: Strict, expectSuccess: False, expectCanonical: null, expectDisplayEn: null, expectDisplayAr: null, expectWarningCodes: null, expectErrorCodes: [&quot;REORDERED_INPUT_NOT_ALLOWED&quot;], compareTo: null, expectEquals: null)" computerName="samman" duration="00:00:00.0000056" startTime="2026-04-22T12:27:00.2768634+03:00" endTime="2026-04-22T12:27:00.2768635+03:00" testType="13cdc9d9-ddb5-4fa4-a97d-d965ccfc6d4b" outcome="Passed" testListId="8c84fa94-04c1-424b-9868-57a2d4851a1d" relativeResultsDirectory="44036f26-5713-442f-bc3b-b96c3acfda32" />
    <UnitTestResult executionId="0d65904f-4d8d-468d-bed9-b9880c3f6d1f" testId="5f904dd0-53cc-f647-ffdc-7dc068c5b812" testName="SaudiPlate.Tests.NormalizationTests.NormalizePlate_MatchesExpectedBehavior(input: &quot;ا ب ى ١٢٣٤&quot;, strictness: Strict, expectSuccess: False, expectCanonical: null, expectDisplayEn: null, expectDisplayAr: null, expectWarningCodes: null, expectErrorCodes: [&quot;UNSUPPORTED_CHARACTERS&quot;], compareTo: null, expectEquals: null)" computerName="samman" duration="00:00:00.0000099" startTime="2026-04-22T12:27:00.2761065+03:00" endTime="2026-04-22T12:27:00.2761066+03:00" testType="13cdc9d9-ddb5-4fa4-a97d-d965ccfc6d4b" outcome="Passed" testListId="8c84fa94-04c1-424b-9868-57a2d4851a1d" relativeResultsDirectory="0d65904f-4d8d-468d-bed9-b9880c3f6d1f" />
    <UnitTestResult executionId="b2e641b3-6a95-4f99-bc62-fa789dbeac80" testId="d7ccce6a-05f4-08de-d6fe-19ffd09d1fcd" testName="SaudiPlate.Tests.NormalizationTests.NormalizePlate_MatchesExpectedBehavior(input: &quot;ا ب ئ ١٢٣٤&quot;, strictness: Standard, expectSuccess: True, expectCanonical: &quot;ABV-1234&quot;, expectDisplayEn: null, expectDisplayAr: &quot;١٢٣٤ ا ب ي&quot;, expectWarningCodes: [], expectErrorCodes: null, compareTo: null, expectEquals: null)" computerName="samman" duration="00:00:00.0000083" startTime="2026-04-22T12:27:00.2805229+03:00" endTime="2026-04-22T12:27:00.2805230+03:00" testType="13cdc9d9-ddb5-4fa4-a97d-d965ccfc6d4b" outcome="Passed" testListId="8c84fa94-04c1-424b-9868-57a2d4851a1d" relativeResultsDirectory="b2e641b3-6a95-4f99-bc62-fa789dbeac80" />
    <UnitTestResult executionId="0594891e-3edc-4a76-ab3a-1d6312a70e7e" testId="5226fb56-6fbe-2f13-fbd2-9603f5278a58" testName="SaudiPlate.Tests.NormalizationTests.StrictMode_RejectsFoldedArabicCharacters_ButStandardAcceptsThem" computerName="samman" duration="00:00:00.0013750" startTime="2026-04-22T12:27:00.2810186+03:00" endTime="2026-04-22T12:27:00.2810186+03:00" testType="13cdc9d9-ddb5-4fa4-a97d-d965ccfc6d4b" outcome="Passed" testListId="8c84fa94-04c1-424b-9868-57a2d4851a1d" relativeResultsDirectory="0594891e-3edc-4a76-ab3a-1d6312a70e7e" />
    <UnitTestResult executionId="8aa908ec-c999-4517-a05f-a52bb87fac18" testId="31d259f1-35ff-bfc9-1757-cc69489fdb17" testName="SaudiPlate.Tests.NormalizationTests.NormalizePlate_MatchesExpectedBehavior(input: &quot;ABJ 123&quot;, strictness: Strict, expectSuccess: False, expectCanonical: null, expectDisplayEn: null, expectDisplayAr: null, expectWarningCodes: null, expectErrorCodes: [&quot;SHORT_DIGITS_NOT_ALLOWED&quot;], compareTo: null, expectEquals: null)" computerName="samman" duration="00:00:00.0000056" startTime="2026-04-22T12:27:00.2769361+03:00" endTime="2026-04-22T12:27:00.2769361+03:00" testType="13cdc9d9-ddb5-4fa4-a97d-d965ccfc6d4b" outcome="Passed" testListId="8c84fa94-04c1-424b-9868-57a2d4851a1d" relativeResultsDirectory="8aa908ec-c999-4517-a05f-a52bb87fac18" />
    <UnitTestResult executionId="3f03cc7d-3225-48e0-af20-29c57738837d" testId="d49b7fd2-e0e8-c81a-be90-4969d40ecacf" testName="SaudiPlate.Tests.NormalizationTests.NormalizePlate_MatchesExpectedBehavior(input: &quot;أ ب ح ١٢٣٤&quot;, strictness: Standard, expectSuccess: True, expectCanonical: &quot;ABJ-1234&quot;, expectDisplayEn: null, expectDisplayAr: &quot;١٢٣٤ ا ب ح&quot;, expectWarningCodes: [], expectErrorCodes: null, compareTo: null, expectEquals: null)" computerName="samman" duration="00:00:00.0002494" startTime="2026-04-22T12:27:00.2598875+03:00" endTime="2026-04-22T12:27:00.2598876+03:00" testType="13cdc9d9-ddb5-4fa4-a97d-d965ccfc6d4b" outcome="Passed" testListId="8c84fa94-04c1-424b-9868-57a2d4851a1d" relativeResultsDirectory="3f03cc7d-3225-48e0-af20-29c57738837d" />
    <UnitTestResult executionId="9a4410c9-b404-477a-830a-c2cdc3158abb" testId="63198840-d273-c5b7-5ab3-e1a177f0a4dc" testName="SaudiPlate.Tests.NormalizationTests.NormalizePlate_MatchesExpectedBehavior(input: &quot;ABJ1234&quot;, strictness: Strict, expectSuccess: True, expectCanonical: &quot;ABJ-1234&quot;, expectDisplayEn: null, expectDisplayAr: null, expectWarningCodes: null, expectErrorCodes: null, compareTo: &quot;ا ب ح ١٢٣٤&quot;, expectEquals: True)" computerName="samman" duration="00:00:00.0000185" startTime="2026-04-22T12:27:00.2760233+03:00" endTime="2026-04-22T12:27:00.2760234+03:00" testType="13cdc9d9-ddb5-4fa4-a97d-d965ccfc6d4b" outcome="Passed" testListId="8c84fa94-04c1-424b-9868-57a2d4851a1d" relativeResultsDirectory="9a4410c9-b404-477a-830a-c2cdc3158abb" />
    <UnitTestResult executionId="e995d64c-ec89-4812-9e56-df04fbcf62a6" testId="b89e6c26-62a6-a4f5-b948-ed4af0825725" testName="SaudiPlate.Tests.NormalizationTests.NormalizePlate_MatchesExpectedBehavior(input: &quot;ABJ 1234&quot;, strictness: Strict, expectSuccess: True, expectCanonical: &quot;ABJ-1234&quot;, expectDisplayEn: null, expectDisplayAr: &quot;١٢٣٤ ا ب ح&quot;, expectWarningCodes: null, expectErrorCodes: null, compareTo: null, expectEquals: null)" computerName="samman" duration="00:00:00.0000058" startTime="2026-04-22T12:27:00.2769850+03:00" endTime="2026-04-22T12:27:00.2769850+03:00" testType="13cdc9d9-ddb5-4fa4-a97d-d965ccfc6d4b" outcome="Passed" testListId="8c84fa94-04c1-424b-9868-57a2d4851a1d" relativeResultsDirectory="e995d64c-ec89-4812-9e56-df04fbcf62a6" />
    <UnitTestResult executionId="2cee64bd-6536-4462-8d7f-fdcb9d2afdfa" testId="477afcff-65e6-87e2-a86d-58433ccbb096" testName="SaudiPlate.Tests.NormalizationTests.NormalizePlate_MatchesExpectedBehavior(input: &quot;أ ب ح ١٢٣٤&quot;, strictness: Strict, expectSuccess: False, expectCanonical: null, expectDisplayEn: null, expectDisplayAr: null, expectWarningCodes: null, expectErrorCodes: [&quot;UNSUPPORTED_CHARACTERS&quot;], compareTo: null, expectEquals: null)" computerName="samman" duration="00:00:00.0000070" startTime="2026-04-22T12:27:00.2773384+03:00" endTime="2026-04-22T12:27:00.2773384+03:00" testType="13cdc9d9-ddb5-4fa4-a97d-d965ccfc6d4b" outcome="Passed" testListId="8c84fa94-04c1-424b-9868-57a2d4851a1d" relativeResultsDirectory="2cee64bd-6536-4462-8d7f-fdcb9d2afdfa" />
    <UnitTestResult executionId="c18cb34b-d812-42bb-bb24-aee7ca857f5c" testId="428a6b05-ce1e-d1ae-6b64-22ca2a0f56b2" testName="SaudiPlate.Tests.NormalizationTests.NormalizePlate_MatchesExpectedBehavior(input: &quot;ABJ1234&quot;, strictness: Strict, expectSuccess: True, expectCanonical: &quot;ABJ-1234&quot;, expectDisplayEn: &quot;ABJ 1234&quot;, expectDisplayAr: &quot;١٢٣٤ ا ب ح&quot;, expectWarningCodes: [], expectErrorCodes: null, compareTo: null, expectEquals: null)" computerName="samman" duration="00:00:00.0000090" startTime="2026-04-22T12:27:00.2760916+03:00" endTime="2026-04-22T12:27:00.2760917+03:00" testType="13cdc9d9-ddb5-4fa4-a97d-d965ccfc6d4b" outcome="Passed" testListId="8c84fa94-04c1-424b-9868-57a2d4851a1d" relativeResultsDirectory="c18cb34b-d812-42bb-bb24-aee7ca857f5c" />
    <UnitTestResult executionId="3e5c39d9-2eaa-4786-a62d-5a2ced4ebb50" testId="61c7b867-847f-6fcc-1eb0-d21709098d00" testName="SaudiPlate.Tests.NormalizationTests.NormalizePlate_MatchesExpectedBehavior(input: &quot;ABJ 123&quot;, strictness: Standard, expectSuccess: True, expectCanonical: &quot;ABJ-123&quot;, expectDisplayEn: null, expectDisplayAr: null, expectWarningCodes: [], expectErrorCodes: null, compareTo: null, expectEquals: null)" computerName="samman" duration="00:00:00.0000432" startTime="2026-04-22T12:27:00.2603487+03:00" endTime="2026-04-22T12:27:00.2603488+03:00" testType="13cdc9d9-ddb5-4fa4-a97d-d965ccfc6d4b" outcome="Passed" testListId="8c84fa94-04c1-424b-9868-57a2d4851a1d" relativeResultsDirectory="3e5c39d9-2eaa-4786-a62d-5a2ced4ebb50" />
    <UnitTestResult executionId="e78a3922-86f2-4df1-a59b-c536c5b7e4e0" testId="964da40b-f8b1-721a-4a66-abcb7edba613" testName="SaudiPlate.Tests.NormalizationTests.NormalizePlate_MatchesExpectedBehavior(input: &quot; ABJ__1234 &quot;, strictness: Standard, expectSuccess: True, expectCanonical: &quot;ABJ-1234&quot;, expectDisplayEn: null, expectDisplayAr: null, expectWarningCodes: null, expectErrorCodes: null, compareTo: null, expectEquals: null)" computerName="samman" duration="00:00:00.0000090" startTime="2026-04-22T12:27:00.2772885+03:00" endTime="2026-04-22T12:27:00.2772885+03:00" testType="13cdc9d9-ddb5-4fa4-a97d-d965ccfc6d4b" outcome="Passed" testListId="8c84fa94-04c1-424b-9868-57a2d4851a1d" relativeResultsDirectory="e78a3922-86f2-4df1-a59b-c536c5b7e4e0" />
    <UnitTestResult executionId="16d3a39a-a9f5-40b2-bb68-5b64ea224267" testId="2660c2e5-7187-6d4a-048b-40e84a85f877" testName="SaudiPlate.Tests.NormalizationTests.NormalizePlate_MatchesExpectedBehavior(input: &quot;ا ب ح ١٢٣٤&quot;, strictness: Strict, expectSuccess: True, expectCanonical: &quot;ABJ-1234&quot;, expectDisplayEn: &quot;ABJ 1234&quot;, expectDisplayAr: &quot;١٢٣٤ ا ب ح&quot;, expectWarningCodes: [], expectErrorCodes: null, compareTo: null, expectEquals: null)" computerName="samman" duration="00:00:00.0000105" startTime="2026-04-22T12:27:00.2773057+03:00" endTime="2026-04-22T12:27:00.2773057+03:00" testType="13cdc9d9-ddb5-4fa4-a97d-d965ccfc6d4b" outcome="Passed" testListId="8c84fa94-04c1-424b-9868-57a2d4851a1d" relativeResultsDirectory="16d3a39a-a9f5-40b2-bb68-5b64ea224267" />
    <UnitTestResult executionId="3cb07eae-f390-4691-a01c-b5941bea36e8" testId="6ad55abe-968d-05f1-11a8-c35dfeb36151" testName="SaudiPlate.Tests.NormalizationTests.NormalizePlate_MatchesExpectedBehavior(input: &quot;ABH 1234&quot;, strictness: Strict, expectSuccess: True, expectCanonical: &quot;ABH-1234&quot;, expectDisplayEn: null, expectDisplayAr: &quot;١٢٣٤ ا ب ه&quot;, expectWarningCodes: null, expectErrorCodes: null, compareTo: null, expectEquals: null)" computerName="samman" duration="00:00:00.0000090" startTime="2026-04-22T12:27:00.2602707+03:00" endTime="2026-04-22T12:27:00.2602708+03:00" testType="13cdc9d9-ddb5-4fa4-a97d-d965ccfc6d4b" outcome="Passed" testListId="8c84fa94-04c1-424b-9868-57a2d4851a1d" relativeResultsDirectory="3cb07eae-f390-4691-a01c-b5941bea36e8" />
    <UnitTestResult executionId="a41cb9d2-781c-40b0-9a9c-bdc23b3cb818" testId="1b688f6b-e1ce-8a6d-37cf-04b1c5a5674a" testName="SaudiPlate.Tests.NormalizationTests.NormalizePlate_MatchesExpectedBehavior(input: &quot;ABJ-1234&quot;, strictness: Strict, expectSuccess: True, expectCanonical: &quot;ABJ-1234&quot;, expectDisplayEn: &quot;ABJ 1234&quot;, expectDisplayAr: null, expectWarningCodes: [], expectErrorCodes: null, compareTo: null, expectEquals: null)" computerName="samman" duration="00:00:00.0000199" startTime="2026-04-22T12:27:00.2601803+03:00" endTime="2026-04-22T12:27:00.2601803+03:00" testType="13cdc9d9-ddb5-4fa4-a97d-d965ccfc6d4b" outcome="Passed" testListId="8c84fa94-04c1-424b-9868-57a2d4851a1d" relativeResultsDirectory="a41cb9d2-781c-40b0-9a9c-bdc23b3cb818" />
    <UnitTestResult executionId="745f773d-d663-429e-b2fe-29e408e2351e" testId="c802b50a-741e-e461-cf15-971ee49738aa" testName="SaudiPlate.Tests.NormalizationTests.NormalizePlate_MatchesExpectedBehavior(input: &quot;ABJ 1234&quot;, strictness: Standard, expectSuccess: True, expectCanonical: &quot;ABJ-1234&quot;, expectDisplayEn: null, expectDisplayAr: &quot;١٢٣٤ ا ب ح&quot;, expectWarningCodes: null, expectErrorCodes: null, compareTo: null, expectEquals: null)" computerName="samman" duration="00:00:00.0000092" startTime="2026-04-22T12:27:00.2760568+03:00" endTime="2026-04-22T12:27:00.2760568+03:00" testType="13cdc9d9-ddb5-4fa4-a97d-d965ccfc6d4b" outcome="Passed" testListId="8c84fa94-04c1-424b-9868-57a2d4851a1d" relativeResultsDirectory="745f773d-d663-429e-b2fe-29e408e2351e" />
    <UnitTestResult executionId="c9e70260-c78d-4592-8e0a-ed3baa45f974" testId="78312cd7-a6d6-fd87-1b3c-564c937e0dbf" testName="SaudiPlate.Tests.NormalizationTests.NormalizePlate_MatchesExpectedBehavior(input: &quot;ا ب ى ١٢٣٤&quot;, strictness: Standard, expectSuccess: True, expectCanonical: &quot;ABV-1234&quot;, expectDisplayEn: null, expectDisplayAr: &quot;١٢٣٤ ا ب ي&quot;, expectWarningCodes: [], expectErrorCodes: null, compareTo: null, expectEquals: null)" computerName="samman" duration="00:00:00.0000095" startTime="2026-04-22T12:27:00.2761265+03:00" endTime="2026-04-22T12:27:00.2761265+03:00" testType="13cdc9d9-ddb5-4fa4-a97d-d965ccfc6d4b" outcome="Passed" testListId="8c84fa94-04c1-424b-9868-57a2d4851a1d" relativeResultsDirectory="c9e70260-c78d-4592-8e0a-ed3baa45f974" />
    <UnitTestResult executionId="ac7c256b-b237-4899-9dff-362546486d09" testId="0eb04f7a-df81-2bb3-a38e-f5591915cde5" testName="SaudiPlate.Tests.NormalizationTests.NormalizePlate_MatchesExpectedBehavior(input: &quot; ABJ__1234 &quot;, strictness: Strict, expectSuccess: True, expectCanonical: &quot;ABJ-1234&quot;, expectDisplayEn: null, expectDisplayAr: null, expectWarningCodes: null, expectErrorCodes: null, compareTo: null, expectEquals: null)" computerName="samman" duration="00:00:00.0000054" startTime="2026-04-22T12:27:00.2773206+03:00" endTime="2026-04-22T12:27:00.2773206+03:00" testType="13cdc9d9-ddb5-4fa4-a97d-d965ccfc6d4b" outcome="Passed" testListId="8c84fa94-04c1-424b-9868-57a2d4851a1d" relativeResultsDirectory="ac7c256b-b237-4899-9dff-362546486d09" />
    <UnitTestResult executionId="603da4db-8f02-4937-ba5a-0e40cda8ad45" testId="a4b343ed-6da2-2236-6b42-de9ab9800ea0" testName="SaudiPlate.Tests.NormalizationTests.NormalizePlate_MatchesExpectedBehavior(input: &quot;ABJ1234&quot;, strictness: Standard, expectSuccess: True, expectCanonical: &quot;ABJ-1234&quot;, expectDisplayEn: null, expectDisplayAr: null, expectWarningCodes: null, expectErrorCodes: null, compareTo: &quot;ا ب ح ١٢٣٤&quot;, expectEquals: True)" computerName="samman" duration="00:00:00.0000901" startTime="2026-04-22T12:27:00.2759994+03:00" endTime="2026-04-22T12:27:00.2759994+03:00" testType="13cdc9d9-ddb5-4fa4-a97d-d965ccfc6d4b" outcome="Passed" testListId="8c84fa94-04c1-424b-9868-57a2d4851a1d" relativeResultsDirectory="603da4db-8f02-4937-ba5a-0e40cda8ad45" />
    <UnitTestResult executionId="9fea791f-16f8-4685-8458-f71f6b5a4481" testId="ee49dbb0-4b26-0b8d-ce0d-5c9f6f2d4471" testName="SaudiPlate.Tests.NormalizationTests.NormalizePlate_MatchesExpectedBehavior(input: &quot;ABH 1234&quot;, strictness: Standard, expectSuccess: True, expectCanonical: &quot;ABH-1234&quot;, expectDisplayEn: null, expectDisplayAr: &quot;١٢٣٤ ا ب ه&quot;, expectWarningCodes: null, expectErrorCodes: null, compareTo: null, expectEquals: null)" computerName="samman" duration="00:00:00.0000090" startTime="2026-04-22T12:27:00.2805828+03:00" endTime="2026-04-22T12:27:00.2805828+03:00" testType="13cdc9d9-ddb5-4fa4-a97d-d965ccfc6d4b" outcome="Passed" testListId="8c84fa94-04c1-424b-9868-57a2d4851a1d" relativeResultsDirectory="9fea791f-16f8-4685-8458-f71f6b5a4481" />
    <UnitTestResult executionId="a6fd2104-b534-4fc1-a3ba-1bb2e436ed0c" testId="69900ff1-aa67-0ed5-db82-3f46709b1221" testName="SaudiPlate.Tests.NormalizationTests.NormalizePlate_MatchesExpectedBehavior(input: &quot;ABJ-1234&quot;, strictness: Standard, expectSuccess: True, expectCanonical: &quot;ABJ-1234&quot;, expectDisplayEn: &quot;ABJ 1234&quot;, expectDisplayAr: null, expectWarningCodes: [], expectErrorCodes: null, compareTo: null, expectEquals: null)" computerName="samman" duration="00:00:00.0000076" startTime="2026-04-22T12:27:00.2769179+03:00" endTime="2026-04-22T12:27:00.2769179+03:00" testType="13cdc9d9-ddb5-4fa4-a97d-d965ccfc6d4b" outcome="Passed" testListId="8c84fa94-04c1-424b-9868-57a2d4851a1d" relativeResultsDirectory="a6fd2104-b534-4fc1-a3ba-1bb2e436ed0c" />
    <UnitTestResult executionId="8dbe8c62-ac33-493c-9835-e825bda9ba17" testId="fdc9a4d2-4f21-1a30-d29c-6d7be21e89fa" testName="SaudiPlate.Tests.NormalizationTests.NormalizePlate_MatchesExpectedBehavior(input: &quot;AبJ1234&quot;, strictness: Standard, expectSuccess: True, expectCanonical: &quot;ABJ-1234&quot;, expectDisplayEn: null, expectDisplayAr: null, expectWarningCodes: null, expectErrorCodes: null, compareTo: null, expectEquals: null)" computerName="samman" duration="00:00:00.0000401" startTime="2026-04-22T12:27:00.2602318+03:00" endTime="2026-04-22T12:27:00.2602318+03:00" testType="13cdc9d9-ddb5-4fa4-a97d-d965ccfc6d4b" outcome="Passed" testListId="8c84fa94-04c1-424b-9868-57a2d4851a1d" relativeResultsDirectory="8dbe8c62-ac33-493c-9835-e825bda9ba17" />
    <UnitTestResult executionId="1a844a3a-a620-4c77-8621-e354317265e9" testId="9f4eadcb-7eb2-2fbb-9b4d-db6f587576c3" testName="SaudiPlate.Tests.NormalizationTests.NormalizePlate_MatchesExpectedBehavior(input: &quot;1234 ABJ&quot;, strictness: Standard, expectSuccess: True, expectCanonical: &quot;ABJ-1234&quot;, expectDisplayEn: null, expectDisplayAr: null, expectWarningCodes: [&quot;REORDERED_INPUT&quot;], expectErrorCodes: null, compareTo: null, expectEquals: null)" computerName="samman" duration="00:00:00.0000599" startTime="2026-04-22T12:27:00.2759084+03:00" endTime="2026-04-22T12:27:00.2759084+03:00" testType="13cdc9d9-ddb5-4fa4-a97d-d965ccfc6d4b" outcome="Passed" testListId="8c84fa94-04c1-424b-9868-57a2d4851a1d" relativeResultsDirectory="1a844a3a-a620-4c77-8621-e354317265e9" />
    <UnitTestResult executionId="94b0c9f2-d12b-4fae-8e96-68a761521b49" testId="657d6f97-c77e-0d6b-1ad3-82e1430a4aaa" testName="SaudiPlate.Tests.NormalizationTests.NormalizePlate_MatchesExpectedBehavior(input: &quot;ABJ 12345&quot;, strictness: Strict, expectSuccess: False, expectCanonical: null, expectDisplayEn: null, expectDisplayAr: null, expectWarningCodes: null, expectErrorCodes: [&quot;INVALID_DIGIT_COUNT&quot;], compareTo: null, expectEquals: null)" computerName="samman" duration="00:00:00.0000083" startTime="2026-04-22T12:27:00.2805582+03:00" endTime="2026-04-22T12:27:00.2805582+03:00" testType="13cdc9d9-ddb5-4fa4-a97d-d965ccfc6d4b" outcome="Passed" testListId="8c84fa94-04c1-424b-9868-57a2d4851a1d" relativeResultsDirectory="94b0c9f2-d12b-4fae-8e96-68a761521b49" />
  </Results>
  <TestDefinitions>
    <UnitTest name="SaudiPlate.Tests.NormalizationTests.NormalizePlate_MatchesExpectedBehavior(input: &quot;ABJ1234&quot;, strictness: Strict, expectSuccess: True, expectCanonical: &quot;ABJ-1234&quot;, expectDisplayEn: &quot;ABJ 1234&quot;, expectDisplayAr: &quot;١٢٣٤ ا ب ح&quot;, expectWarningCodes: [], expectErrorCodes: null, compareTo: null, expectEquals: null)" storage="/var/www/html/plate-normalization/tests/saudiplate.tests/bin/debug/net8.0/saudiplate.tests.dll" id="428a6b05-ce1e-d1ae-6b64-22ca2a0f56b2">
      <Execution id="c18cb34b-d812-42bb-bb24-aee7ca857f5c" />
      <TestMethod codeBase="/var/www/html/plate-normalization/tests/SaudiPlate.Tests/bin/Debug/net8.0/SaudiPlate.Tests.dll" adapterTypeName="executor://xunit/VsTestRunner2/netcoreapp" className="SaudiPlate.Tests.NormalizationTests" name="NormalizePlate_MatchesExpectedBehavior" />
    </UnitTest>
    <UnitTest name="SaudiPlate.Tests.NormalizationTests.NormalizePlate_MatchesExpectedBehavior(input: &quot;ABC 1234&quot;, strictness: Standard, expectSuccess: False, expectCanonical: null, expectDisplayEn: null, expectDisplayAr: null, expectWarningCodes: null, expectErrorCodes: [&quot;UNSUPPORTED_CHARACTERS&quot;], compareTo: null, expectEquals: null)" storage="/var/www/html/plate-normalization/tests/saudiplate.tests/bin/debug/net8.0/saudiplate.tests.dll" id="6958f2af-81db-baf1-b557-f29cbce9af72">
      <Execution id="46d970bd-02ed-428c-88e3-d67f9e032dc8" />
      <TestMethod codeBase="/var/www/html/plate-normalization/tests/SaudiPlate.Tests/bin/Debug/net8.0/SaudiPlate.Tests.dll" adapterTypeName="executor://xunit/VsTestRunner2/netcoreapp" className="SaudiPlate.Tests.NormalizationTests" name="NormalizePlate_MatchesExpectedBehavior" />
    </UnitTest>
    <UnitTest name="SaudiPlate.Tests.NormalizationTests.NormalizePlate_MatchesExpectedBehavior(input: &quot;ABJ 1234&quot;, strictness: Strict, expectSuccess: True, expectCanonical: &quot;ABJ-1234&quot;, expectDisplayEn: null, expectDisplayAr: &quot;١٢٣٤ ا ب ح&quot;, expectWarningCodes: null, expectErrorCodes: null, compareTo: null, expectEquals: null)" storage="/var/www/html/plate-normalization/tests/saudiplate.tests/bin/debug/net8.0/saudiplate.tests.dll" id="b89e6c26-62a6-a4f5-b948-ed4af0825725">
      <Execution id="e995d64c-ec89-4812-9e56-df04fbcf62a6" />
      <TestMethod codeBase="/var/www/html/plate-normalization/tests/SaudiPlate.Tests/bin/Debug/net8.0/SaudiPlate.Tests.dll" adapterTypeName="executor://xunit/VsTestRunner2/netcoreapp" className="SaudiPlate.Tests.NormalizationTests" name="NormalizePlate_MatchesExpectedBehavior" />
    </UnitTest>
    <UnitTest name="SaudiPlate.Tests.NormalizationTests.NormalizePlate_MatchesExpectedBehavior(input: &quot;ABH 1234&quot;, strictness: Strict, expectSuccess: True, expectCanonical: &quot;ABH-1234&quot;, expectDisplayEn: null, expectDisplayAr: &quot;١٢٣٤ ا ب ه&quot;, expectWarningCodes: null, expectErrorCodes: null, compareTo: null, expectEquals: null)" storage="/var/www/html/plate-normalization/tests/saudiplate.tests/bin/debug/net8.0/saudiplate.tests.dll" id="6ad55abe-968d-05f1-11a8-c35dfeb36151">
      <Execution id="3cb07eae-f390-4691-a01c-b5941bea36e8" />
      <TestMethod codeBase="/var/www/html/plate-normalization/tests/SaudiPlate.Tests/bin/Debug/net8.0/SaudiPlate.Tests.dll" adapterTypeName="executor://xunit/VsTestRunner2/netcoreapp" className="SaudiPlate.Tests.NormalizationTests" name="NormalizePlate_MatchesExpectedBehavior" />
    </UnitTest>
    <UnitTest name="SaudiPlate.Tests.NormalizationTests.NormalizePlate_MatchesExpectedBehavior(input: &quot;ABJ 1234&quot;, strictness: Standard, expectSuccess: True, expectCanonical: &quot;ABJ-1234&quot;, expectDisplayEn: null, expectDisplayAr: &quot;١٢٣٤ ا ب ح&quot;, expectWarningCodes: null, expectErrorCodes: null, compareTo: null, expectEquals: null)" storage="/var/www/html/plate-normalization/tests/saudiplate.tests/bin/debug/net8.0/saudiplate.tests.dll" id="c802b50a-741e-e461-cf15-971ee49738aa">
      <Execution id="745f773d-d663-429e-b2fe-29e408e2351e" />
      <TestMethod codeBase="/var/www/html/plate-normalization/tests/SaudiPlate.Tests/bin/Debug/net8.0/SaudiPlate.Tests.dll" adapterTypeName="executor://xunit/VsTestRunner2/netcoreapp" className="SaudiPlate.Tests.NormalizationTests" name="NormalizePlate_MatchesExpectedBehavior" />
    </UnitTest>
    <UnitTest name="SaudiPlate.Tests.NormalizationTests.NormalizePlate_MatchesExpectedBehavior(input: &quot;ABJ 12345&quot;, strictness: Strict, expectSuccess: False, expectCanonical: null, expectDisplayEn: null, expectDisplayAr: null, expectWarningCodes: null, expectErrorCodes: [&quot;INVALID_DIGIT_COUNT&quot;], compareTo: null, expectEquals: null)" storage="/var/www/html/plate-normalization/tests/saudiplate.tests/bin/debug/net8.0/saudiplate.tests.dll" id="657d6f97-c77e-0d6b-1ad3-82e1430a4aaa">
      <Execution id="94b0c9f2-d12b-4fae-8e96-68a761521b49" />
      <TestMethod codeBase="/var/www/html/plate-normalization/tests/SaudiPlate.Tests/bin/Debug/net8.0/SaudiPlate.Tests.dll" adapterTypeName="executor://xunit/VsTestRunner2/netcoreapp" className="SaudiPlate.Tests.NormalizationTests" name="NormalizePlate_MatchesExpectedBehavior" />
    </UnitTest>
    <UnitTest name="SaudiPlate.Tests.NormalizationTests.NormalizePlate_MatchesExpectedBehavior(input: &quot;أ ب ح ١٢٣٤&quot;, strictness: Standard, expectSuccess: True, expectCanonical: &quot;ABJ-1234&quot;, expectDisplayEn: null, expectDisplayAr: &quot;١٢٣٤ ا ب ح&quot;, expectWarningCodes: [], expectErrorCodes: null, compareTo: null, expectEquals: null)" storage="/var/www/html/plate-normalization/tests/saudiplate.tests/bin/debug/net8.0/saudiplate.tests.dll" id="d49b7fd2-e0e8-c81a-be90-4969d40ecacf">
      <Execution id="3f03cc7d-3225-48e0-af20-29c57738837d" />
      <TestMethod codeBase="/var/www/html/plate-normalization/tests/SaudiPlate.Tests/bin/Debug/net8.0/SaudiPlate.Tests.dll" adapterTypeName="executor://xunit/VsTestRunner2/netcoreapp" className="SaudiPlate.Tests.NormalizationTests" name="NormalizePlate_MatchesExpectedBehavior" />
    </UnitTest>
    <UnitTest name="SaudiPlate.Tests.NormalizationTests.NormalizePlate_MatchesExpectedBehavior(input: &quot;ABJ1234&quot;, strictness: Standard, expectSuccess: True, expectCanonical: &quot;ABJ-1234&quot;, expectDisplayEn: &quot;ABJ 1234&quot;, expectDisplayAr: &quot;١٢٣٤ ا ب ح&quot;, expectWarningCodes: [], expectErrorCodes: null, compareTo: null, expectEquals: null)" storage="/var/www/html/plate-normalization/tests/saudiplate.tests/bin/debug/net8.0/saudiplate.tests.dll" id="e79e9d9c-1741-922f-bdfe-25a7becaa731">
      <Execution id="be3526c7-9f62-4648-949d-4c2213b3b720" />
      <TestMethod codeBase="/var/www/html/plate-normalization/tests/SaudiPlate.Tests/bin/Debug/net8.0/SaudiPlate.Tests.dll" adapterTypeName="executor://xunit/VsTestRunner2/netcoreapp" className="SaudiPlate.Tests.NormalizationTests" name="NormalizePlate_MatchesExpectedBehavior" />
    </UnitTest>
    <UnitTest name="SaudiPlate.Tests.NormalizationTests.NormalizePlate_MatchesExpectedBehavior(input: &quot;ا ب ة ١٢٣٤&quot;, strictness: Standard, expectSuccess: True, expectCanonical: &quot;ABH-1234&quot;, expectDisplayEn: null, expectDisplayAr: &quot;١٢٣٤ ا ب ه&quot;, expectWarningCodes: [], expectErrorCodes: null, compareTo: null, expectEquals: null)" storage="/var/www/html/plate-normalization/tests/saudiplate.tests/bin/debug/net8.0/saudiplate.tests.dll" id="1034c994-5214-800c-569c-17dce4a54e15">
      <Execution id="084985bf-8a36-450d-8572-5f2199bc5023" />
      <TestMethod codeBase="/var/www/html/plate-normalization/tests/SaudiPlate.Tests/bin/Debug/net8.0/SaudiPlate.Tests.dll" adapterTypeName="executor://xunit/VsTestRunner2/netcoreapp" className="SaudiPlate.Tests.NormalizationTests" name="NormalizePlate_MatchesExpectedBehavior" />
    </UnitTest>
    <UnitTest name="SaudiPlate.Tests.NormalizationTests.NormalizePlate_MatchesExpectedBehavior(input: &quot;1234 ABJ&quot;, strictness: Standard, expectSuccess: True, expectCanonical: &quot;ABJ-1234&quot;, expectDisplayEn: null, expectDisplayAr: null, expectWarningCodes: [&quot;REORDERED_INPUT&quot;], expectErrorCodes: null, compareTo: null, expectEquals: null)" storage="/var/www/html/plate-normalization/tests/saudiplate.tests/bin/debug/net8.0/saudiplate.tests.dll" id="9f4eadcb-7eb2-2fbb-9b4d-db6f587576c3">
      <Execution id="1a844a3a-a620-4c77-8621-e354317265e9" />
      <TestMethod codeBase="/var/www/html/plate-normalization/tests/SaudiPlate.Tests/bin/Debug/net8.0/SaudiPlate.Tests.dll" adapterTypeName="executor://xunit/VsTestRunner2/netcoreapp" className="SaudiPlate.Tests.NormalizationTests" name="NormalizePlate_MatchesExpectedBehavior" />
    </UnitTest>
    <UnitTest name="SaudiPlate.Tests.NormalizationTests.NormalizePlate_MatchesExpectedBehavior(input: &quot;ا ب ئ ١٢٣٤&quot;, strictness: Strict, expectSuccess: False, expectCanonical: null, expectDisplayEn: null, expectDisplayAr: null, expectWarningCodes: null, expectErrorCodes: [&quot;UNSUPPORTED_CHARACTERS&quot;], compareTo: null, expectEquals: null)" storage="/var/www/html/plate-normalization/tests/saudiplate.tests/bin/debug/net8.0/saudiplate.tests.dll" id="916e30a8-3bc9-67b1-c85d-679fb2c33fac">
      <Execution id="11f6074b-b9ff-44ae-a0a9-4bce740028b1" />
      <TestMethod codeBase="/var/www/html/plate-normalization/tests/SaudiPlate.Tests/bin/Debug/net8.0/SaudiPlate.Tests.dll" adapterTypeName="executor://xunit/VsTestRunner2/netcoreapp" className="SaudiPlate.Tests.NormalizationTests" name="NormalizePlate_MatchesExpectedBehavior" />
    </UnitTest>
    <UnitTest name="SaudiPlate.Tests.NormalizationTests.NormalizePlate_MatchesExpectedBehavior(input: &quot;AبJ1234&quot;, strictness: Standard, expectSuccess: True, expectCanonical: &quot;ABJ-1234&quot;, expectDisplayEn: null, expectDisplayAr: null, expectWarningCodes: null, expectErrorCodes: null, compareTo: null, expectEquals: null)" storage="/var/www/html/plate-normalization/tests/saudiplate.tests/bin/debug/net8.0/saudiplate.tests.dll" id="fdc9a4d2-4f21-1a30-d29c-6d7be21e89fa">
      <Execution id="8dbe8c62-ac33-493c-9835-e825bda9ba17" />
      <TestMethod codeBase="/var/www/html/plate-normalization/tests/SaudiPlate.Tests/bin/Debug/net8.0/SaudiPlate.Tests.dll" adapterTypeName="executor://xunit/VsTestRunner2/netcoreapp" className="SaudiPlate.Tests.NormalizationTests" name="NormalizePlate_MatchesExpectedBehavior" />
    </UnitTest>
    <UnitTest name="SaudiPlate.Tests.NormalizationTests.NormalizePlate_MatchesExpectedBehavior(input: &quot;ABH 1234&quot;, strictness: Standard, expectSuccess: True, expectCanonical: &quot;ABH-1234&quot;, expectDisplayEn: null, expectDisplayAr: &quot;١٢٣٤ ا ب ه&quot;, expectWarningCodes: null, expectErrorCodes: null, compareTo: null, expectEquals: null)" storage="/var/www/html/plate-normalization/tests/saudiplate.tests/bin/debug/net8.0/saudiplate.tests.dll" id="ee49dbb0-4b26-0b8d-ce0d-5c9f6f2d4471">
      <Execution id="9fea791f-16f8-4685-8458-f71f6b5a4481" />
      <TestMethod codeBase="/var/www/html/plate-normalization/tests/SaudiPlate.Tests/bin/Debug/net8.0/SaudiPlate.Tests.dll" adapterTypeName="executor://xunit/VsTestRunner2/netcoreapp" className="SaudiPlate.Tests.NormalizationTests" name="NormalizePlate_MatchesExpectedBehavior" />
    </UnitTest>
    <UnitTest name="SaudiPlate.Tests.NormalizationTests.NormalizePlate_MatchesExpectedBehavior(input: &quot;ا ب ى ١٢٣٤&quot;, strictness: Standard, expectSuccess: True, expectCanonical: &quot;ABV-1234&quot;, expectDisplayEn: null, expectDisplayAr: &quot;١٢٣٤ ا ب ي&quot;, expectWarningCodes: [], expectErrorCodes: null, compareTo: null, expectEquals: null)" storage="/var/www/html/plate-normalization/tests/saudiplate.tests/bin/debug/net8.0/saudiplate.tests.dll" id="78312cd7-a6d6-fd87-1b3c-564c937e0dbf">
      <Execution id="c9e70260-c78d-4592-8e0a-ed3baa45f974" />
      <TestMethod codeBase="/var/www/html/plate-normalization/tests/SaudiPlate.Tests/bin/Debug/net8.0/SaudiPlate.Tests.dll" adapterTypeName="executor://xunit/VsTestRunner2/netcoreapp" className="SaudiPlate.Tests.NormalizationTests" name="NormalizePlate_MatchesExpectedBehavior" />
    </UnitTest>
    <UnitTest name="SaudiPlate.Tests.NormalizationTests.NormalizePlate_MatchesExpectedBehavior(input: &quot;ABJ-1234&quot;, strictness: Standard, expectSuccess: True, expectCanonical: &quot;ABJ-1234&quot;, expectDisplayEn: &quot;ABJ 1234&quot;, expectDisplayAr: null, expectWarningCodes: [], expectErrorCodes: null, compareTo: null, expectEquals: null)" storage="/var/www/html/plate-normalization/tests/saudiplate.tests/bin/debug/net8.0/saudiplate.tests.dll" id="69900ff1-aa67-0ed5-db82-3f46709b1221">
      <Execution id="a6fd2104-b534-4fc1-a3ba-1bb2e436ed0c" />
      <TestMethod codeBase="/var/www/html/plate-normalization/tests/SaudiPlate.Tests/bin/Debug/net8.0/SaudiPlate.Tests.dll" adapterTypeName="executor://xunit/VsTestRunner2/netcoreapp" className="SaudiPlate.Tests.NormalizationTests" name="NormalizePlate_MatchesExpectedBehavior" />
    </UnitTest>
    <UnitTest name="SaudiPlate.Tests.NormalizationTests.NormalizePlate_MatchesExpectedBehavior(input: &quot;آ ب ح ١٢٣٤&quot;, strictness: Strict, expectSuccess: False, expectCanonical: null, expectDisplayEn: null, expectDisplayAr: null, expectWarningCodes: null, expectErrorCodes: [&quot;UNSUPPORTED_CHARACTERS&quot;], compareTo: null, expectEquals: null)" storage="/var/www/html/plate-normalization/tests/saudiplate.tests/bin/debug/net8.0/saudiplate.tests.dll" id="aca3283e-e63d-cc10-35d5-733e86c1c465">
      <Execution id="3c15cbf8-c380-44bf-a972-c52b77f1e0d7" />
      <TestMethod codeBase="/var/www/html/plate-normalization/tests/SaudiPlate.Tests/bin/Debug/net8.0/SaudiPlate.Tests.dll" adapterTypeName="executor://xunit/VsTestRunner2/netcoreapp" className="SaudiPlate.Tests.NormalizationTests" name="NormalizePlate_MatchesExpectedBehavior" />
    </UnitTest>
    <UnitTest name="SaudiPlate.Tests.NormalizationTests.NormalizePlate_MatchesExpectedBehavior(input: &quot; ABJ__1234 &quot;, strictness: Standard, expectSuccess: True, expectCanonical: &quot;ABJ-1234&quot;, expectDisplayEn: null, expectDisplayAr: null, expectWarningCodes: null, expectErrorCodes: null, compareTo: null, expectEquals: null)" storage="/var/www/html/plate-normalization/tests/saudiplate.tests/bin/debug/net8.0/saudiplate.tests.dll" id="964da40b-f8b1-721a-4a66-abcb7edba613">
      <Execution id="e78a3922-86f2-4df1-a59b-c536c5b7e4e0" />
      <TestMethod codeBase="/var/www/html/plate-normalization/tests/SaudiPlate.Tests/bin/Debug/net8.0/SaudiPlate.Tests.dll" adapterTypeName="executor://xunit/VsTestRunner2/netcoreapp" className="SaudiPlate.Tests.NormalizationTests" name="NormalizePlate_MatchesExpectedBehavior" />
    </UnitTest>
    <UnitTest name="SaudiPlate.Tests.NormalizationTests.NormalizePlate_MatchesExpectedBehavior(input: &quot;ا ب ى ١٢٣٤&quot;, strictness: Strict, expectSuccess: False, expectCanonical: null, expectDisplayEn: null, expectDisplayAr: null, expectWarningCodes: null, expectErrorCodes: [&quot;UNSUPPORTED_CHARACTERS&quot;], compareTo: null, expectEquals: null)" storage="/var/www/html/plate-normalization/tests/saudiplate.tests/bin/debug/net8.0/saudiplate.tests.dll" id="5f904dd0-53cc-f647-ffdc-7dc068c5b812">
      <Execution id="0d65904f-4d8d-468d-bed9-b9880c3f6d1f" />
      <TestMethod codeBase="/var/www/html/plate-normalization/tests/SaudiPlate.Tests/bin/Debug/net8.0/SaudiPlate.Tests.dll" adapterTypeName="executor://xunit/VsTestRunner2/netcoreapp" className="SaudiPlate.Tests.NormalizationTests" name="NormalizePlate_MatchesExpectedBehavior" />
    </UnitTest>
    <UnitTest name="SaudiPlate.Tests.NormalizationTests.NormalizePlate_MatchesExpectedBehavior(input: &quot;ABJ-1234&quot;, strictness: Strict, expectSuccess: True, expectCanonical: &quot;ABJ-1234&quot;, expectDisplayEn: &quot;ABJ 1234&quot;, expectDisplayAr: null, expectWarningCodes: [], expectErrorCodes: null, compareTo: null, expectEquals: null)" storage="/var/www/html/plate-normalization/tests/saudiplate.tests/bin/debug/net8.0/saudiplate.tests.dll" id="1b688f6b-e1ce-8a6d-37cf-04b1c5a5674a">
      <Execution id="a41cb9d2-781c-40b0-9a9c-bdc23b3cb818" />
      <TestMethod codeBase="/var/www/html/plate-normalization/tests/SaudiPlate.Tests/bin/Debug/net8.0/SaudiPlate.Tests.dll" adapterTypeName="executor://xunit/VsTestRunner2/netcoreapp" className="SaudiPlate.Tests.NormalizationTests" name="NormalizePlate_MatchesExpectedBehavior" />
    </UnitTest>
    <UnitTest name="SaudiPlate.Tests.NormalizationTests.NormalizePlate_MatchesExpectedBehavior(input: &quot;ABJ 123&quot;, strictness: Strict, expectSuccess: False, expectCanonical: null, expectDisplayEn: null, expectDisplayAr: null, expectWarningCodes: null, expectErrorCodes: [&quot;SHORT_DIGITS_NOT_ALLOWED&quot;], compareTo: null, expectEquals: null)" storage="/var/www/html/plate-normalization/tests/saudiplate.tests/bin/debug/net8.0/saudiplate.tests.dll" id="31d259f1-35ff-bfc9-1757-cc69489fdb17">
      <Execution id="8aa908ec-c999-4517-a05f-a52bb87fac18" />
      <TestMethod codeBase="/var/www/html/plate-normalization/tests/SaudiPlate.Tests/bin/Debug/net8.0/SaudiPlate.Tests.dll" adapterTypeName="executor://xunit/VsTestRunner2/netcoreapp" className="SaudiPlate.Tests.NormalizationTests" name="NormalizePlate_MatchesExpectedBehavior" />
    </UnitTest>
    <UnitTest name="SaudiPlate.Tests.NormalizationTests.NormalizePlate_MatchesExpectedBehavior(input: &quot;AبJ1234&quot;, strictness: Strict, expectSuccess: False, expectCanonical: null, expectDisplayEn: null, expectDisplayAr: null, expectWarningCodes: null, expectErrorCodes: [&quot;MIXED_SCRIPTS_NOT_ALLOWED&quot;], compareTo: null, expectEquals: null)" storage="/var/www/html/plate-normalization/tests/saudiplate.tests/bin/debug/net8.0/saudiplate.tests.dll" id="437e99d7-84af-4132-27e3-3afb3571d4b7">
      <Execution id="efdc5220-6f00-40bd-9d74-81ea119a652c" />
      <TestMethod codeBase="/var/www/html/plate-normalization/tests/SaudiPlate.Tests/bin/Debug/net8.0/SaudiPlate.Tests.dll" adapterTypeName="executor://xunit/VsTestRunner2/netcoreapp" className="SaudiPlate.Tests.NormalizationTests" name="NormalizePlate_MatchesExpectedBehavior" />
    </UnitTest>
    <UnitTest name="SaudiPlate.Tests.NormalizationTests.NormalizePlate_MatchesExpectedBehavior(input: &quot;ا ب ة ١٢٣٤&quot;, strictness: Strict, expectSuccess: False, expectCanonical: null, expectDisplayEn: null, expectDisplayAr: null, expectWarningCodes: null, expectErrorCodes: [&quot;UNSUPPORTED_CHARACTERS&quot;], compareTo: null, expectEquals: null)" storage="/var/www/html/plate-normalization/tests/saudiplate.tests/bin/debug/net8.0/saudiplate.tests.dll" id="18b4aba4-86d5-3e35-601a-1b7bf4701870">
      <Execution id="16a3231f-d448-43f6-b2b7-d31848948bd5" />
      <TestMethod codeBase="/var/www/html/plate-normalization/tests/SaudiPlate.Tests/bin/Debug/net8.0/SaudiPlate.Tests.dll" adapterTypeName="executor://xunit/VsTestRunner2/netcoreapp" className="SaudiPlate.Tests.NormalizationTests" name="NormalizePlate_MatchesExpectedBehavior" />
    </UnitTest>
    <UnitTest name="SaudiPlate.Tests.NormalizationTests.NormalizePlate_MatchesExpectedBehavior(input: &quot;ABJ 123&quot;, strictness: Standard, expectSuccess: True, expectCanonical: &quot;ABJ-123&quot;, expectDisplayEn: null, expectDisplayAr: null, expectWarningCodes: [], expectErrorCodes: null, compareTo: null, expectEquals: null)" storage="/var/www/html/plate-normalization/tests/saudiplate.tests/bin/debug/net8.0/saudiplate.tests.dll" id="61c7b867-847f-6fcc-1eb0-d21709098d00">
      <Execution id="3e5c39d9-2eaa-4786-a62d-5a2ced4ebb50" />
      <TestMethod codeBase="/var/www/html/plate-normalization/tests/SaudiPlate.Tests/bin/Debug/net8.0/SaudiPlate.Tests.dll" adapterTypeName="executor://xunit/VsTestRunner2/netcoreapp" className="SaudiPlate.Tests.NormalizationTests" name="NormalizePlate_MatchesExpectedBehavior" />
    </UnitTest>
    <UnitTest name="SaudiPlate.Tests.NormalizationTests.NormalizePlate_MatchesExpectedBehavior(input: &quot;آ ب ح ١٢٣٤&quot;, strictness: Standard, expectSuccess: True, expectCanonical: &quot;ABJ-1234&quot;, expectDisplayEn: null, expectDisplayAr: &quot;١٢٣٤ ا ب ح&quot;, expectWarningCodes: [], expectErrorCodes: null, compareTo: null, expectEquals: null)" storage="/var/www/html/plate-normalization/tests/saudiplate.tests/bin/debug/net8.0/saudiplate.tests.dll" id="35f46217-eba6-0d51-b944-d6b396d841d1">
      <Execution id="c17a3830-88df-4557-ad45-4377a4d7ccf9" />
      <TestMethod codeBase="/var/www/html/plate-normalization/tests/SaudiPlate.Tests/bin/Debug/net8.0/SaudiPlate.Tests.dll" adapterTypeName="executor://xunit/VsTestRunner2/netcoreapp" className="SaudiPlate.Tests.NormalizationTests" name="NormalizePlate_MatchesExpectedBehavior" />
    </UnitTest>
    <UnitTest name="SaudiPlate.Tests.NormalizationTests.NormalizePlate_MatchesExpectedBehavior(input: &quot;ABJ 12345&quot;, strictness: Standard, expectSuccess: False, expectCanonical: null, expectDisplayEn: null, expectDisplayAr: null, expectWarningCodes: null, expectErrorCodes: [&quot;INVALID_DIGIT_COUNT&quot;], compareTo: null, expectEquals: null)" storage="/var/www/html/plate-normalization/tests/saudiplate.tests/bin/debug/net8.0/saudiplate.tests.dll" id="02c90733-66ce-8aa8-d04c-e9a895dd9036">
      <Execution id="de2ca637-f03a-4278-ac61-ff361f8177a6" />
      <TestMethod codeBase="/var/www/html/plate-normalization/tests/SaudiPlate.Tests/bin/Debug/net8.0/SaudiPlate.Tests.dll" adapterTypeName="executor://xunit/VsTestRunner2/netcoreapp" className="SaudiPlate.Tests.NormalizationTests" name="NormalizePlate_MatchesExpectedBehavior" />
    </UnitTest>
    <UnitTest name="SaudiPlate.Tests.NormalizationTests.NormalizePlate_MatchesExpectedBehavior(input: &quot;ABJ1234&quot;, strictness: Standard, expectSuccess: True, expectCanonical: &quot;ABJ-1234&quot;, expectDisplayEn: null, expectDisplayAr: null, expectWarningCodes: null, expectErrorCodes: null, compareTo: &quot;ا ب ح ١٢٣٤&quot;, expectEquals: True)" storage="/var/www/html/plate-normalization/tests/saudiplate.tests/bin/debug/net8.0/saudiplate.tests.dll" id="a4b343ed-6da2-2236-6b42-de9ab9800ea0">
      <Execution id="603da4db-8f02-4937-ba5a-0e40cda8ad45" />
      <TestMethod codeBase="/var/www/html/plate-normalization/tests/SaudiPlate.Tests/bin/Debug/net8.0/SaudiPlate.Tests.dll" adapterTypeName="executor://xunit/VsTestRunner2/netcoreapp" className="SaudiPlate.Tests.NormalizationTests" name="NormalizePlate_MatchesExpectedBehavior" />
    </UnitTest>
    <UnitTest name="SaudiPlate.Tests.NormalizationTests.NormalizePlate_MatchesExpectedBehavior(input: &quot;ا ب ح ١٢٣٤&quot;, strictness: Strict, expectSuccess: True, expectCanonical: &quot;ABJ-1234&quot;, expectDisplayEn: &quot;ABJ 1234&quot;, expectDisplayAr: &quot;١٢٣٤ ا ب ح&quot;, expectWarningCodes: [], expectErrorCodes: null, compareTo: null, expectEquals: null)" storage="/var/www/html/plate-normalization/tests/saudiplate.tests/bin/debug/net8.0/saudiplate.tests.dll" id="2660c2e5-7187-6d4a-048b-40e84a85f877">
      <Execution id="16d3a39a-a9f5-40b2-bb68-5b64ea224267" />
      <TestMethod codeBase="/var/www/html/plate-normalization/tests/SaudiPlate.Tests/bin/Debug/net8.0/SaudiPlate.Tests.dll" adapterTypeName="executor://xunit/VsTestRunner2/netcoreapp" className="SaudiPlate.Tests.NormalizationTests" name="NormalizePlate_MatchesExpectedBehavior" />
    </UnitTest>
    <UnitTest name="SaudiPlate.Tests.NormalizationTests.NormalizePlate_MatchesExpectedBehavior(input: &quot;1234 ABJ&quot;, strictness: Strict, expectSuccess: False, expectCanonical: null, expectDisplayEn: null, expectDisplayAr: null, expectWarningCodes: null, expectErrorCodes: [&quot;REORDERED_INPUT_NOT_ALLOWED&quot;], compareTo: null, expectEquals: null)" storage="/var/www/html/plate-normalization/tests/saudiplate.tests/bin/debug/net8.0/saudiplate.tests.dll" id="54c0138d-5a9e-68fd-8cd8-b3b85342b3a5">
      <Execution id="44036f26-5713-442f-bc3b-b96c3acfda32" />
      <TestMethod codeBase="/var/www/html/plate-normalization/tests/SaudiPlate.Tests/bin/Debug/net8.0/SaudiPlate.Tests.dll" adapterTypeName="executor://xunit/VsTestRunner2/netcoreapp" className="SaudiPlate.Tests.NormalizationTests" name="NormalizePlate_MatchesExpectedBehavior" />
    </UnitTest>
    <UnitTest name="SaudiPlate.Tests.NormalizationTests.NormalizePlate_MatchesExpectedBehavior(input: &quot; ABJ__1234 &quot;, strictness: Strict, expectSuccess: True, expectCanonical: &quot;ABJ-1234&quot;, expectDisplayEn: null, expectDisplayAr: null, expectWarningCodes: null, expectErrorCodes: null, compareTo: null, expectEquals: null)" storage="/var/www/html/plate-normalization/tests/saudiplate.tests/bin/debug/net8.0/saudiplate.tests.dll" id="0eb04f7a-df81-2bb3-a38e-f5591915cde5">
      <Execution id="ac7c256b-b237-4899-9dff-362546486d09" />
      <TestMethod codeBase="/var/www/html/plate-normalization/tests/SaudiPlate.Tests/bin/Debug/net8.0/SaudiPlate.Tests.dll" adapterTypeName="executor://xunit/VsTestRunner2/netcoreapp" className="SaudiPlate.Tests.NormalizationTests" name="NormalizePlate_MatchesExpectedBehavior" />
    </UnitTest>
    <UnitTest name="SaudiPlate.Tests.NormalizationTests.NormalizePlate_MatchesExpectedBehavior(input: &quot;ا ب ح ١٢٣٤&quot;, strictness: Standard, expectSuccess: True, expectCanonical: &quot;ABJ-1234&quot;, expectDisplayEn: &quot;ABJ 1234&quot;, expectDisplayAr: &quot;١٢٣٤ ا ب ح&quot;, expectWarningCodes: [], expectErrorCodes: null, compareTo: null, expectEquals: null)" storage="/var/www/html/plate-normalization/tests/saudiplate.tests/bin/debug/net8.0/saudiplate.tests.dll" id="6d65a620-fa70-ce1a-d6af-5af1c00c41f5">
      <Execution id="6f4d9cd2-f19c-470a-b2bb-a9c3d6fe995b" />
      <TestMethod codeBase="/var/www/html/plate-normalization/tests/SaudiPlate.Tests/bin/Debug/net8.0/SaudiPlate.Tests.dll" adapterTypeName="executor://xunit/VsTestRunner2/netcoreapp" className="SaudiPlate.Tests.NormalizationTests" name="NormalizePlate_MatchesExpectedBehavior" />
    </UnitTest>
    <UnitTest name="SaudiPlate.Tests.NormalizationTests.NormalizePlate_MatchesExpectedBehavior(input: &quot;ABC 1234&quot;, strictness: Strict, expectSuccess: False, expectCanonical: null, expectDisplayEn: null, expectDisplayAr: null, expectWarningCodes: null, expectErrorCodes: [&quot;UNSUPPORTED_CHARACTERS&quot;], compareTo: null, expectEquals: null)" storage="/var/www/html/plate-normalization/tests/saudiplate.tests/bin/debug/net8.0/saudiplate.tests.dll" id="50c6b91c-6291-24f9-1d45-da934610f6eb">
      <Execution id="5d651d93-d982-4b6f-9a92-982b3ae4ab1a" />
      <TestMethod codeBase="/var/www/html/plate-normalization/tests/SaudiPlate.Tests/bin/Debug/net8.0/SaudiPlate.Tests.dll" adapterTypeName="executor://xunit/VsTestRunner2/netcoreapp" className="SaudiPlate.Tests.NormalizationTests" name="NormalizePlate_MatchesExpectedBehavior" />
    </UnitTest>
    <UnitTest name="SaudiPlate.Tests.NormalizationTests.NormalizePlate_MatchesExpectedBehavior(input: &quot;ا ب ئ ١٢٣٤&quot;, strictness: Standard, expectSuccess: True, expectCanonical: &quot;ABV-1234&quot;, expectDisplayEn: null, expectDisplayAr: &quot;١٢٣٤ ا ب ي&quot;, expectWarningCodes: [], expectErrorCodes: null, compareTo: null, expectEquals: null)" storage="/var/www/html/plate-normalization/tests/saudiplate.tests/bin/debug/net8.0/saudiplate.tests.dll" id="d7ccce6a-05f4-08de-d6fe-19ffd09d1fcd">
      <Execution id="b2e641b3-6a95-4f99-bc62-fa789dbeac80" />
      <TestMethod codeBase="/var/www/html/plate-normalization/tests/SaudiPlate.Tests/bin/Debug/net8.0/SaudiPlate.Tests.dll" adapterTypeName="executor://xunit/VsTestRunner2/netcoreapp" className="SaudiPlate.Tests.NormalizationTests" name="NormalizePlate_MatchesExpectedBehavior" />
    </UnitTest>
    <UnitTest name="SaudiPlate.Tests.NormalizationTests.NormalizePlate_MatchesExpectedBehavior(input: &quot;أ ب ح ١٢٣٤&quot;, strictness: Strict, expectSuccess: False, expectCanonical: null, expectDisplayEn: null, expectDisplayAr: null, expectWarningCodes: null, expectErrorCodes: [&quot;UNSUPPORTED_CHARACTERS&quot;], compareTo: null, expectEquals: null)" storage="/var/www/html/plate-normalization/tests/saudiplate.tests/bin/debug/net8.0/saudiplate.tests.dll" id="477afcff-65e6-87e2-a86d-58433ccbb096">
      <Execution id="2cee64bd-6536-4462-8d7f-fdcb9d2afdfa" />
      <TestMethod codeBase="/var/www/html/plate-normalization/tests/SaudiPlate.Tests/bin/Debug/net8.0/SaudiPlate.Tests.dll" adapterTypeName="executor://xunit/VsTestRunner2/netcoreapp" className="SaudiPlate.Tests.NormalizationTests" name="NormalizePlate_MatchesExpectedBehavior" />
    </UnitTest>
    <UnitTest name="SaudiPlate.Tests.NormalizationTests.NormalizePlate_MatchesExpectedBehavior(input: &quot;ABJ1234&quot;, strictness: Strict, expectSuccess: True, expectCanonical: &quot;ABJ-1234&quot;, expectDisplayEn: null, expectDisplayAr: null, expectWarningCodes: null, expectErrorCodes: null, compareTo: &quot;ا ب ح ١٢٣٤&quot;, expectEquals: True)" storage="/var/www/html/plate-normalization/tests/saudiplate.tests/bin/debug/net8.0/saudiplate.tests.dll" id="63198840-d273-c5b7-5ab3-e1a177f0a4dc">
      <Execution id="9a4410c9-b404-477a-830a-c2cdc3158abb" />
      <TestMethod codeBase="/var/www/html/plate-normalization/tests/SaudiPlate.Tests/bin/Debug/net8.0/SaudiPlate.Tests.dll" adapterTypeName="executor://xunit/VsTestRunner2/netcoreapp" className="SaudiPlate.Tests.NormalizationTests" name="NormalizePlate_MatchesExpectedBehavior" />
    </UnitTest>
    <UnitTest name="SaudiPlate.Tests.NormalizationTests.NormalizePlate_MatchesExpectedBehavior(input: &quot;إ ب ح ١٢٣٤&quot;, strictness: Strict, expectSuccess: False, expectCanonical: null, expectDisplayEn: null, expectDisplayAr: null, expectWarningCodes: null, expectErrorCodes: [&quot;UNSUPPORTED_CHARACTERS&quot;], compareTo: null, expectEquals: null)" storage="/var/www/html/plate-normalization/tests/saudiplate.tests/bin/debug/net8.0/saudiplate.tests.dll" id="1f092db4-48f0-6021-cb29-28314d06949b">
      <Execution id="f6abbea2-6895-4855-88b9-3b215f82ac4d" />
      <TestMethod codeBase="/var/www/html/plate-normalization/tests/SaudiPlate.Tests/bin/Debug/net8.0/SaudiPlate.Tests.dll" adapterTypeName="executor://xunit/VsTestRunner2/netcoreapp" className="SaudiPlate.Tests.NormalizationTests" name="NormalizePlate_MatchesExpectedBehavior" />
    </UnitTest>
    <UnitTest name="SaudiPlate.Tests.NormalizationTests.NormalizePlate_MatchesExpectedBehavior(input: &quot;إ ب ح ١٢٣٤&quot;, strictness: Standard, expectSuccess: True, expectCanonical: &quot;ABJ-1234&quot;, expectDisplayEn: null, expectDisplayAr: &quot;١٢٣٤ ا ب ح&quot;, expectWarningCodes: [], expectErrorCodes: null, compareTo: null, expectEquals: null)" storage="/var/www/html/plate-normalization/tests/saudiplate.tests/bin/debug/net8.0/saudiplate.tests.dll" id="1e6b94ea-d51e-ed9d-3301-a0292253f798">
      <Execution id="5ef00453-10a4-4192-9a49-a7f82a918d9c" />
      <TestMethod codeBase="/var/www/html/plate-normalization/tests/SaudiPlate.Tests/bin/Debug/net8.0/SaudiPlate.Tests.dll" adapterTypeName="executor://xunit/VsTestRunner2/netcoreapp" className="SaudiPlate.Tests.NormalizationTests" name="NormalizePlate_MatchesExpectedBehavior" />
    </UnitTest>
    <UnitTest name="SaudiPlate.Tests.NormalizationTests.StrictMode_RejectsFoldedArabicCharacters_ButStandardAcceptsThem" storage="/var/www/html/plate-normalization/tests/saudiplate.tests/bin/debug/net8.0/saudiplate.tests.dll" id="5226fb56-6fbe-2f13-fbd2-9603f5278a58">
      <Execution id="0594891e-3edc-4a76-ab3a-1d6312a70e7e" />
      <TestMethod codeBase="/var/www/html/plate-normalization/tests/SaudiPlate.Tests/bin/Debug/net8.0/SaudiPlate.Tests.dll" adapterTypeName="executor://xunit/VsTestRunner2/netcoreapp" className="SaudiPlate.Tests.NormalizationTests" name="StrictMode_RejectsFoldedArabicCharacters_ButStandardAcceptsThem" />
    </UnitTest>
  </TestDefinitions>
  <TestEntries>
    <TestEntry testId="1e6b94ea-d51e-ed9d-3301-a0292253f798" executionId="5ef00453-10a4-4192-9a49-a7f82a918d9c" testListId="8c84fa94-04c1-424b-9868-57a2d4851a1d" />
    <TestEntry testId="aca3283e-e63d-cc10-35d5-733e86c1c465" executionId="3c15cbf8-c380-44bf-a972-c52b77f1e0d7" testListId="8c84fa94-04c1-424b-9868-57a2d4851a1d" />
    <TestEntry testId="35f46217-eba6-0d51-b944-d6b396d841d1" executionId="c17a3830-88df-4557-ad45-4377a4d7ccf9" testListId="8c84fa94-04c1-424b-9868-57a2d4851a1d" />
    <TestEntry testId="e79e9d9c-1741-922f-bdfe-25a7becaa731" executionId="be3526c7-9f62-4648-949d-4c2213b3b720" testListId="8c84fa94-04c1-424b-9868-57a2d4851a1d" />
    <TestEntry testId="6d65a620-fa70-ce1a-d6af-5af1c00c41f5" executionId="6f4d9cd2-f19c-470a-b2bb-a9c3d6fe995b" testListId="8c84fa94-04c1-424b-9868-57a2d4851a1d" />
    <TestEntry testId="50c6b91c-6291-24f9-1d45-da934610f6eb" executionId="5d651d93-d982-4b6f-9a92-982b3ae4ab1a" testListId="8c84fa94-04c1-424b-9868-57a2d4851a1d" />
    <TestEntry testId="18b4aba4-86d5-3e35-601a-1b7bf4701870" executionId="16a3231f-d448-43f6-b2b7-d31848948bd5" testListId="8c84fa94-04c1-424b-9868-57a2d4851a1d" />
    <TestEntry testId="02c90733-66ce-8aa8-d04c-e9a895dd9036" executionId="de2ca637-f03a-4278-ac61-ff361f8177a6" testListId="8c84fa94-04c1-424b-9868-57a2d4851a1d" />
    <TestEntry testId="1034c994-5214-800c-569c-17dce4a54e15" executionId="084985bf-8a36-450d-8572-5f2199bc5023" testListId="8c84fa94-04c1-424b-9868-57a2d4851a1d" />
    <TestEntry testId="916e30a8-3bc9-67b1-c85d-679fb2c33fac" executionId="11f6074b-b9ff-44ae-a0a9-4bce740028b1" testListId="8c84fa94-04c1-424b-9868-57a2d4851a1d" />
    <TestEntry testId="6958f2af-81db-baf1-b557-f29cbce9af72" executionId="46d970bd-02ed-428c-88e3-d67f9e032dc8" testListId="8c84fa94-04c1-424b-9868-57a2d4851a1d" />
    <TestEntry testId="437e99d7-84af-4132-27e3-3afb3571d4b7" executionId="efdc5220-6f00-40bd-9d74-81ea119a652c" testListId="8c84fa94-04c1-424b-9868-57a2d4851a1d" />
    <TestEntry testId="1f092db4-48f0-6021-cb29-28314d06949b" executionId="f6abbea2-6895-4855-88b9-3b215f82ac4d" testListId="8c84fa94-04c1-424b-9868-57a2d4851a1d" />
    <TestEntry testId="54c0138d-5a9e-68fd-8cd8-b3b85342b3a5" executionId="44036f26-5713-442f-bc3b-b96c3acfda32" testListId="8c84fa94-04c1-424b-9868-57a2d4851a1d" />
    <TestEntry testId="5f904dd0-53cc-f647-ffdc-7dc068c5b812" executionId="0d65904f-4d8d-468d-bed9-b9880c3f6d1f" testListId="8c84fa94-04c1-424b-9868-57a2d4851a1d" />
    <TestEntry testId="d7ccce6a-05f4-08de-d6fe-19ffd09d1fcd" executionId="b2e641b3-6a95-4f99-bc62-fa789dbeac80" testListId="8c84fa94-04c1-424b-9868-57a2d4851a1d" />
    <TestEntry testId="5226fb56-6fbe-2f13-fbd2-9603f5278a58" executionId="0594891e-3edc-4a76-ab3a-1d6312a70e7e" testListId="8c84fa94-04c1-424b-9868-57a2d4851a1d" />
    <TestEntry testId="31d259f1-35ff-bfc9-1757-cc69489fdb17" executionId="8aa908ec-c999-4517-a05f-a52bb87fac18" testListId="8c84fa94-04c1-424b-9868-57a2d4851a1d" />
    <TestEntry testId="d49b7fd2-e0e8-c81a-be90-4969d40ecacf" executionId="3f03cc7d-3225-48e0-af20-29c57738837d" testListId="8c84fa94-04c1-424b-9868-57a2d4851a1d" />
    <TestEntry testId="63198840-d273-c5b7-5ab3-e1a177f0a4dc" executionId="9a4410c9-b404-477a-830a-c2cdc3158abb" testListId="8c84fa94-04c1-424b-9868-57a2d4851a1d" />
    <TestEntry testId="b89e6c26-62a6-a4f5-b948-ed4af0825725" executionId="e995d64c-ec89-4812-9e56-df04fbcf62a6" testListId="8c84fa94-04c1-424b-9868-57a2d4851a1d" />
    <TestEntry testId="477afcff-65e6-87e2-a86d-58433ccbb096" executionId="2cee64bd-6536-4462-8d7f-fdcb9d2afdfa" testListId="8c84fa94-04c1-424b-9868-57a2d4851a1d" />
    <TestEntry testId="428a6b05-ce1e-d1ae-6b64-22ca2a0f56b2" executionId="c18cb34b-d812-42bb-bb24-aee7ca857f5c" testListId="8c84fa94-04c1-424b-9868-57a2d4851a1d" />
    <TestEntry testId="61c7b867-847f-6fcc-1eb0-d21709098d00" executionId="3e5c39d9-2eaa-4786-a62d-5a2ced4ebb50" testListId="8c84fa94-04c1-424b-9868-57a2d4851a1d" />
    <TestEntry testId="964da40b-f8b1-721a-4a66-abcb7edba613" executionId="e78a3922-86f2-4df1-a59b-c536c5b7e4e0" testListId="8c84fa94-04c1-424b-9868-57a2d4851a1d" />
    <TestEntry testId="2660c2e5-7187-6d4a-048b-40e84a85f877" executionId="16d3a39a-a9f5-40b2-bb68-5b64ea224267" testListId="8c84fa94-04c1-424b-9868-57a2d4851a1d" />
    <TestEntry testId="6ad55abe-968d-05f1-11a8-c35dfeb36151" executionId="3cb07eae-f390-4691-a01c-b5941bea36e8" testListId="8c84fa94-04c1-424b-9868-57a2d4851a1d" />
    <TestEntry testId="1b688f6b-e1ce-8a6d-37cf-04b1c5a5674a" executionId="a41cb9d2-781c-40b0-9a9c-bdc23b3cb818" testListId="8c84fa94-04c1-424b-9868-57a2d4851a1d" />
    <TestEntry testId="c802b50a-741e-e461-cf15-971ee49738aa" executionId="745f773d-d663-429e-b2fe-29e408e2351e" testListId="8c84fa94-04c1-424b-9868-57a2d4851a1d" />
    <TestEntry testId="78312cd7-a6d6-fd87-1b3c-564c937e0dbf" executionId="c9e70260-c78d-4592-8e0a-ed3baa45f974" testListId="8c84fa94-04c1-424b-9868-57a2d4851a1d" />
    <TestEntry testId="0eb04f7a-df81-2bb3-a38e-f5591915cde5" executionId="ac7c256b-b237-4899-9dff-362546486d09" testListId="8c84fa94-04c1-424b-9868-57a2d4851a1d" />
    <TestEntry testId="a4b343ed-6da2-2236-6b42-de9ab9800ea0" executionId="603da4db-8f02-4937-ba5a-0e40cda8ad45" testListId="8c84fa94-04c1-424b-9868-57a2d4851a1d" />
    <TestEntry testId="ee49dbb0-4b26-0b8d-ce0d-5c9f6f2d4471" executionId="9fea791f-16f8-4685-8458-f71f6b5a4481" testListId="8c84fa94-04c1-424b-9868-57a2d4851a1d" />
    <TestEntry testId="69900ff1-aa67-0ed5-db82-3f46709b1221" executionId="a6fd2104-b534-4fc1-a3ba-1bb2e436ed0c" testListId="8c84fa94-04c1-424b-9868-57a2d4851a1d" />
    <TestEntry testId="fdc9a4d2-4f21-1a30-d29c-6d7be21e89fa" executionId="8dbe8c62-ac33-493c-9835-e825bda9ba17" testListId="8c84fa94-04c1-424b-9868-57a2d4851a1d" />
    <TestEntry testId="9f4eadcb-7eb2-2fbb-9b4d-db6f587576c3" executionId="1a844a3a-a620-4c77-8621-e354317265e9" testListId="8c84fa94-04c1-424b-9868-57a2d4851a1d" />
    <TestEntry testId="657d6f97-c77e-0d6b-1ad3-82e1430a4aaa" executionId="94b0c9f2-d12b-4fae-8e96-68a761521b49" testListId="8c84fa94-04c1-424b-9868-57a2d4851a1d" />
  </TestEntries>
  <TestLists>
    <TestList name="Results Not in a List" id="8c84fa94-04c1-424b-9868-57a2d4851a1d" />
    <TestList name="All Loaded Results" id="19431567-8539-422a-85d7-44ee4e166bda" />
  </TestLists>
  <ResultSummary outcome="Completed">
    <Counters total="37" executed="37" passed="37" failed="0" error="0" timeout="0" aborted="0" inconclusive="0" passedButRunAborted="0" notRunnable="0" notExecuted="0" disconnected="0" warning="0" completed="0" inProgress="0" pending="0" />
    <Output>
      <StdOut>[xUnit.net 00:00:00.00] xUnit.net VSTest Adapter v2.8.2+699d445a1a (64-bit .NET 8.0.26)
[xUnit.net 00:00:00.03]   Discovering: SaudiPlate.Tests
[xUnit.net 00:00:00.07]   Discovered:  SaudiPlate.Tests
[xUnit.net 00:00:00.07]   Starting:    SaudiPlate.Tests
[xUnit.net 00:00:00.13]   Finished:    SaudiPlate.Tests
</StdOut>
    </Output>
  </ResultSummary>
</TestRun>